{
  "stats": {
    "suites": 1,
    "tests": 1,
    "passes": 1,
    "pending": 0,
    "failures": 0,
    "start": "2025-08-29T13:33:28.577Z",
    "end": "2025-08-29T13:33:38.006Z",
    "duration": 9429,
    "testsRegistered": 1,
    "passPercent": 100,
    "pendingPercent": 0,
    "other": 0,
    "hasOther": false,
    "skipped": 0,
    "hasSkipped": false
  },
  "results": [
    {
      "uuid": "714bc85d-428b-4200-aeff-2f65e591ad2d",
      "title": "",
      "fullFile": "cypress\\e2e\\TicketazoTestButonLogin.cy.js",
      "file": "cypress\\e2e\\TicketazoTestButonLogin.cy.js",
      "beforeHooks": [],
      "afterHooks": [],
      "tests": [],
      "suites": [
        {
          "uuid": "d54f7d25-5c54-4b59-98f1-cea639b35384",
          "title": "Ingresa al sitio web y clickea el button Login",
          "fullFile": "",
          "file": "",
          "beforeHooks": [],
          "afterHooks": [],
          "tests": [
            {
              "title": "Debería mostrar la pagina Login de Ticketazo",
              "fullTitle": "Ingresa al sitio web y clickea el button Login Debería mostrar la pagina Login de Ticketazo",
              "timedOut": null,
              "duration": 4645,
              "state": "passed",
              "speed": "fast",
              "pass": true,
              "fail": false,
              "pending": false,
              "context": null,
              "code": "cy.viewport('iphone-7');\ncy.visit('https://ticketazo.com.ar');\ncy.log('Test pass, ha ingresado correctamente');\ncy.contains('button', 'Login').click({\n  force: true\n});\ncy.url().should('include', '/auth/login');",
              "err": {},
              "uuid": "1807bd99-5d14-422b-9a86-69bf5d63a763",
              "parentUUID": "d54f7d25-5c54-4b59-98f1-cea639b35384",
              "isHook": false,
              "skipped": false
            }
          ],
          "suites": [],
          "passes": [
            "1807bd99-5d14-422b-9a86-69bf5d63a763"
          ],
          "failures": [],
          "pending": [],
          "skipped": [],
          "duration": 4645,
          "root": false,
          "rootEmpty": false,
          "_timeout": 2000
        }
      ],
      "passes": [],
      "failures": [],
      "pending": [],
      "skipped": [],
      "duration": 0,
      "root": true,
      "rootEmpty": true,
      "_timeout": 2000
    }
  ],
  "meta": {
    "mocha": {
      "version": "7.2.0"
    },
    "mochawesome": {
      "options": {
        "quiet": false,
        "reportFilename": "mochawesome",
        "saveHtml": false,
        "saveJson": true,
        "consoleReporter": "spec",
        "useInlineDiffs": false,
        "code": true
      },
      "version": "7.1.3"
    },
    "marge": {
      "options": {
        "reportDir": "cypress/reports",
        "overwrite": false,
        "html": false,
        "json": true
      },
      "version": "6.2.0"
    }
  }
}