{
  "stats": {
    "suites": 1,
    "tests": 1,
    "passes": 1,
    "pending": 0,
    "failures": 0,
    "start": "2025-09-02T16:02:52.580Z",
    "end": "2025-09-02T16:03:03.130Z",
    "duration": 10550,
    "testsRegistered": 1,
    "passPercent": 100,
    "pendingPercent": 0,
    "other": 0,
    "hasOther": false,
    "skipped": 0,
    "hasSkipped": false
  },
  "results": [
    {
      "uuid": "57d74f73-ff71-4386-9eb5-bfb72e0ba615",
      "title": "",
      "fullFile": "cypress\\e2e\\testTicketazoRegister.cy.js",
      "file": "cypress\\e2e\\testTicketazoRegister.cy.js",
      "beforeHooks": [],
      "afterHooks": [],
      "tests": [],
      "suites": [
        {
          "uuid": "10786649-bc72-4d20-9525-ea299f8cdb3f",
          "title": "Register with valid credentials",
          "fullFile": "",
          "file": "",
          "beforeHooks": [],
          "afterHooks": [],
          "tests": [
            {
              "title": "User must be register with valid data",
              "fullTitle": "Register with valid credentials User must be register with valid data",
              "timedOut": null,
              "duration": 8168,
              "state": "passed",
              "speed": "medium",
              "pass": true,
              "fail": false,
              "pending": false,
              "context": null,
              "code": "cy.fixture('userRegistrado').then(user => {\n  cy.register(user.nombres, user.apellido, user.telefono, user.dni, user.provincia, user.localidad, user.fechaNacimiento, user.email, user.confirmarEmail, user.password, user.repetirPassword);\n});\ncy.log('Test pass, user registered successfully');",
              "err": {},
              "uuid": "e6abd738-80c2-4d23-a203-ee16969912ee",
              "parentUUID": "10786649-bc72-4d20-9525-ea299f8cdb3f",
              "isHook": false,
              "skipped": false
            }
          ],
          "suites": [],
          "passes": [
            "e6abd738-80c2-4d23-a203-ee16969912ee"
          ],
          "failures": [],
          "pending": [],
          "skipped": [],
          "duration": 8168,
          "root": false,
          "rootEmpty": false,
          "_timeout": 2000
        }
      ],
      "passes": [],
      "failures": [],
      "pending": [],
      "skipped": [],
      "duration": 0,
      "root": true,
      "rootEmpty": true,
      "_timeout": 2000
    }
  ],
  "meta": {
    "mocha": {
      "version": "7.2.0"
    },
    "mochawesome": {
      "options": {
        "quiet": false,
        "reportFilename": "mochawesome",
        "saveHtml": false,
        "saveJson": true,
        "consoleReporter": "spec",
        "useInlineDiffs": false,
        "code": true
      },
      "version": "7.1.3"
    },
    "marge": {
      "options": {
        "reportDir": "cypress/reports",
        "overwrite": false,
        "html": false,
        "json": true
      },
      "version": "6.2.0"
    }
  }
}