{
  "stats": {
    "suites": 8,
    "tests": 8,
    "passes": 8,
    "pending": 0,
    "failures": 0,
    "start": "2025-09-02T16:03:05.667Z",
    "end": "2025-09-02T16:03:22.825Z",
    "duration": 17158,
    "testsRegistered": 8,
    "passPercent": 100,
    "pendingPercent": 0,
    "other": 0,
    "hasOther": false,
    "skipped": 0,
    "hasSkipped": false
  },
  "results": [
    {
      "uuid": "f6b501f4-fef0-4c29-b80e-2b55a0a4fbae",
      "title": "",
      "fullFile": "cypress\\e2e\\ticketazoValidacionesRegister.cy.js",
      "file": "cypress\\e2e\\ticketazoValidacionesRegister.cy.js",
      "beforeHooks": [],
      "afterHooks": [],
      "tests": [],
      "suites": [
        {
          "uuid": "c8f17327-a5be-4d8f-91dd-b687bc4638de",
          "title": "Muestra menjsa de error si los campos obligatorios no estan llenos",
          "fullFile": "",
          "file": "",
          "beforeHooks": [],
          "afterHooks": [],
          "tests": [
            {
              "title": "Debe mostrar un cartel de rellnar los campos obligatorios",
              "fullTitle": "Muestra menjsa de error si los campos obligatorios no estan llenos Debe mostrar un cartel de rellnar los campos obligatorios",
              "timedOut": null,
              "duration": 2875,
              "state": "passed",
              "speed": "fast",
              "pass": true,
              "fail": false,
              "pending": false,
              "context": null,
              "code": "cy.visit('https://ticketazo.com.ar/auth/registerUser');\ncy.get('button[type=\"submit\"]').click();\ncy.contains('Completa este campo').should('be.visible');",
              "err": {},
              "uuid": "93aa91d9-5e41-45e0-a849-fc05b5120f6c",
              "parentUUID": "c8f17327-a5be-4d8f-91dd-b687bc4638de",
              "isHook": false,
              "skipped": false
            }
          ],
          "suites": [],
          "passes": [
            "93aa91d9-5e41-45e0-a849-fc05b5120f6c"
          ],
          "failures": [],
          "pending": [],
          "skipped": [],
          "duration": 2875,
          "root": false,
          "rootEmpty": false,
          "_timeout": 2000
        },
        {
          "uuid": "f4474de3-f847-40e8-b116-bd4377a279bb",
          "title": "Muestra mensaje de error si el dni tiene menos de 8 numeros",
          "fullFile": "",
          "file": "",
          "beforeHooks": [],
          "afterHooks": [],
          "tests": [
            {
              "title": "Campo dni debe tener 8 numeros",
              "fullTitle": "Muestra mensaje de error si el dni tiene menos de 8 numeros Campo dni debe tener 8 numeros",
              "timedOut": null,
              "duration": 2034,
              "state": "passed",
              "speed": "fast",
              "pass": true,
              "fail": false,
              "pending": false,
              "context": null,
              "code": "cy.visit('https://ticketazo.com.ar/auth/registerUser');\ncy.get('[data-cy=\"input-dni\"]').type('01');\ncy.get('body').click();\ncy.contains('Utiliza un formato que coincida con el solicitado').should('be.visible');\ncy.get('[data-cy=\"input-dni\"]').should('have.value', '01');",
              "err": {},
              "uuid": "aae708d2-76ec-4f4d-a571-3df87d968621",
              "parentUUID": "f4474de3-f847-40e8-b116-bd4377a279bb",
              "isHook": false,
              "skipped": false
            }
          ],
          "suites": [],
          "passes": [
            "aae708d2-76ec-4f4d-a571-3df87d968621"
          ],
          "failures": [],
          "pending": [],
          "skipped": [],
          "duration": 2034,
          "root": false,
          "rootEmpty": false,
          "_timeout": 2000
        },
        {
          "uuid": "70d1cb75-da2d-4447-8663-1f7e47864d46",
          "title": "DNI esta lmitado a 8 números enteros",
          "fullFile": "",
          "file": "",
          "beforeHooks": [],
          "afterHooks": [],
          "tests": [
            {
              "title": "Campo dni debe aceptar exactamente 8 números",
              "fullTitle": "DNI esta lmitado a 8 números enteros Campo dni debe aceptar exactamente 8 números",
              "timedOut": null,
              "duration": 1839,
              "state": "passed",
              "speed": "fast",
              "pass": true,
              "fail": false,
              "pending": false,
              "context": null,
              "code": "cy.visit('https://ticketazo.com.ar/auth/registerUser');\ncy.get('[data-cy=\"input-dni\"]').type('123456789');\ncy.get('body').click();\ncy.get('[data-cy=\"input-dni\"]').should('have.value', '12345678');",
              "err": {},
              "uuid": "91bdfbf3-7b56-4631-8e5d-f115aeba539a",
              "parentUUID": "70d1cb75-da2d-4447-8663-1f7e47864d46",
              "isHook": false,
              "skipped": false
            }
          ],
          "suites": [],
          "passes": [
            "91bdfbf3-7b56-4631-8e5d-f115aeba539a"
          ],
          "failures": [],
          "pending": [],
          "skipped": [],
          "duration": 1839,
          "root": false,
          "rootEmpty": false,
          "_timeout": 2000
        },
        {
          "uuid": "004f2ff8-fb70-44b1-bd1f-577d35f2558e",
          "title": "Campo Teléfono - debe tener máximo 10 números",
          "fullFile": "",
          "file": "",
          "beforeHooks": [],
          "afterHooks": [],
          "tests": [
            {
              "title": "Campo telefono debe aceptar exactamente 10 números no mas",
              "fullTitle": "Campo Teléfono - debe tener máximo 10 números Campo telefono debe aceptar exactamente 10 números no mas",
              "timedOut": null,
              "duration": 1608,
              "state": "passed",
              "speed": "fast",
              "pass": true,
              "fail": false,
              "pending": false,
              "context": null,
              "code": "cy.visit('https://ticketazo.com.ar/auth/registerUser');\ncy.get('[data-cy=\"input-telefono\"]').type('1159554321');\ncy.get('body').click();\ncy.get('[data-cy=\"input-telefono\"]').should('have.value', '1159554321');",
              "err": {},
              "uuid": "0192bfde-5717-4587-87d1-331247b6d218",
              "parentUUID": "004f2ff8-fb70-44b1-bd1f-577d35f2558e",
              "isHook": false,
              "skipped": false
            }
          ],
          "suites": [],
          "passes": [
            "0192bfde-5717-4587-87d1-331247b6d218"
          ],
          "failures": [],
          "pending": [],
          "skipped": [],
          "duration": 1608,
          "root": false,
          "rootEmpty": false,
          "_timeout": 2000
        },
        {
          "uuid": "b22f14c1-de53-44a5-a3b5-25daabcdbf5a",
          "title": "El campo telefono no debe permitir ingresar una cadena de carcateres",
          "fullFile": "",
          "file": "",
          "beforeHooks": [],
          "afterHooks": [],
          "tests": [
            {
              "title": "Campo telefono no debe permitir letras",
              "fullTitle": "El campo telefono no debe permitir ingresar una cadena de carcateres Campo telefono no debe permitir letras",
              "timedOut": null,
              "duration": 1452,
              "state": "passed",
              "speed": "fast",
              "pass": true,
              "fail": false,
              "pending": false,
              "context": null,
              "code": "cy.visit('https://ticketazo.com.ar/auth/registerUser');\ncy.get('[data-cy=\"input-telefono\"]').type('asdf');\ncy.get('body').click();",
              "err": {},
              "uuid": "5644bf5d-c0cd-433f-b50e-9a1b36f8334b",
              "parentUUID": "b22f14c1-de53-44a5-a3b5-25daabcdbf5a",
              "isHook": false,
              "skipped": false
            }
          ],
          "suites": [],
          "passes": [
            "5644bf5d-c0cd-433f-b50e-9a1b36f8334b"
          ],
          "failures": [],
          "pending": [],
          "skipped": [],
          "duration": 1452,
          "root": false,
          "rootEmpty": false,
          "_timeout": 2000
        },
        {
          "uuid": "d0bc0df1-5854-4e05-8019-fdd136275b76",
          "title": "El campo dni no debe permitir ingresar una cadena de carcateres",
          "fullFile": "",
          "file": "",
          "beforeHooks": [],
          "afterHooks": [],
          "tests": [
            {
              "title": "Campo dni no debe permitir letras",
              "fullTitle": "El campo dni no debe permitir ingresar una cadena de carcateres Campo dni no debe permitir letras",
              "timedOut": null,
              "duration": 1614,
              "state": "passed",
              "speed": "fast",
              "pass": true,
              "fail": false,
              "pending": false,
              "context": null,
              "code": "cy.visit('https://ticketazo.com.ar/auth/registerUser');\ncy.get('[data-cy=\"input-dni\"]').type('asdf');\ncy.get('body').click();",
              "err": {},
              "uuid": "cdeafeeb-eb6c-4cf8-a7e1-cc78b563c3bd",
              "parentUUID": "d0bc0df1-5854-4e05-8019-fdd136275b76",
              "isHook": false,
              "skipped": false
            }
          ],
          "suites": [],
          "passes": [
            "cdeafeeb-eb6c-4cf8-a7e1-cc78b563c3bd"
          ],
          "failures": [],
          "pending": [],
          "skipped": [],
          "duration": 1614,
          "root": false,
          "rootEmpty": false,
          "_timeout": 2000
        },
        {
          "uuid": "7e76d7a0-22dd-486f-8496-dd55ec397f16",
          "title": "Se testea la seguridad de la contrasenia",
          "fullFile": "",
          "file": "",
          "beforeHooks": [],
          "afterHooks": [],
          "tests": [
            {
              "title": "La contrasenia deberia tener mas de 8 carcateres alfanumericos",
              "fullTitle": "Se testea la seguridad de la contrasenia La contrasenia deberia tener mas de 8 carcateres alfanumericos",
              "timedOut": null,
              "duration": 1321,
              "state": "passed",
              "speed": "fast",
              "pass": true,
              "fail": false,
              "pending": false,
              "context": null,
              "code": "cy.visit('https://ticketazo.com.ar/auth/registerUser');\ncy.get('[data-cy=\"input-password\"]').type('123');\ncy.get('body').click();",
              "err": {},
              "uuid": "d626e509-d69f-4463-bbea-4900765f54f5",
              "parentUUID": "7e76d7a0-22dd-486f-8496-dd55ec397f16",
              "isHook": false,
              "skipped": false
            }
          ],
          "suites": [],
          "passes": [
            "d626e509-d69f-4463-bbea-4900765f54f5"
          ],
          "failures": [],
          "pending": [],
          "skipped": [],
          "duration": 1321,
          "root": false,
          "rootEmpty": false,
          "_timeout": 2000
        },
        {
          "uuid": "73ed8d74-3903-49dc-8c67-b5a4a480564b",
          "title": "Se testea Que el emailtenga @",
          "fullFile": "",
          "file": "",
          "beforeHooks": [],
          "afterHooks": [],
          "tests": [
            {
              "title": "La contrase;a deberia tener @",
              "fullTitle": "Se testea Que el emailtenga @ La contrase;a deberia tener @",
              "timedOut": null,
              "duration": 1867,
              "state": "passed",
              "speed": "fast",
              "pass": true,
              "fail": false,
              "pending": false,
              "context": null,
              "code": "cy.visit('https://ticketazo.com.ar/auth/registerUser');\ncy.get('[data-cy=\"input-email\"]').type('endgmail');\ncy.get('body').click();\ncy.contains('Incluye un signo \"@\" en la dirección de correo electrónico. La dirección \"endgmail\" no incluye el signo \"@\".').should('be.visible');",
              "err": {},
              "uuid": "3af524fe-a3f1-4b71-bd6b-4f855f22256d",
              "parentUUID": "73ed8d74-3903-49dc-8c67-b5a4a480564b",
              "isHook": false,
              "skipped": false
            }
          ],
          "suites": [],
          "passes": [
            "3af524fe-a3f1-4b71-bd6b-4f855f22256d"
          ],
          "failures": [],
          "pending": [],
          "skipped": [],
          "duration": 1867,
          "root": false,
          "rootEmpty": false,
          "_timeout": 2000
        }
      ],
      "passes": [],
      "failures": [],
      "pending": [],
      "skipped": [],
      "duration": 0,
      "root": true,
      "rootEmpty": true,
      "_timeout": 2000
    }
  ],
  "meta": {
    "mocha": {
      "version": "7.2.0"
    },
    "mochawesome": {
      "options": {
        "quiet": false,
        "reportFilename": "mochawesome",
        "saveHtml": false,
        "saveJson": true,
        "consoleReporter": "spec",
        "useInlineDiffs": false,
        "code": true
      },
      "version": "7.1.3"
    },
    "marge": {
      "options": {
        "reportDir": "cypress/reports",
        "overwrite": false,
        "html": false,
        "json": true
      },
      "version": "6.2.0"
    }
  }
}