{
  "stats": {
    "suites": 1,
    "tests": 1,
    "passes": 1,
    "pending": 0,
    "failures": 0,
    "start": "2025-09-02T16:02:41.949Z",
    "end": "2025-09-02T16:02:49.768Z",
    "duration": 7819,
    "testsRegistered": 1,
    "passPercent": 100,
    "pendingPercent": 0,
    "other": 0,
    "hasOther": false,
    "skipped": 0,
    "hasSkipped": false
  },
  "results": [
    {
      "uuid": "266ed8ab-fed0-4d86-964c-3b7147b3c67a",
      "title": "",
      "fullFile": "cypress\\e2e\\TicketazoTestButonLogin.cy.js",
      "file": "cypress\\e2e\\TicketazoTestButonLogin.cy.js",
      "beforeHooks": [],
      "afterHooks": [],
      "tests": [],
      "suites": [
        {
          "uuid": "5e157283-456e-4502-8111-07efbeb4e3d9",
          "title": "Ingresa al sitio web y clickea el button Login",
          "fullFile": "",
          "file": "",
          "beforeHooks": [],
          "afterHooks": [],
          "tests": [
            {
              "title": "Debería mostrar la pagina Login de Ticketazo",
              "fullTitle": "Ingresa al sitio web y clickea el button Login Debería mostrar la pagina Login de Ticketazo",
              "timedOut": null,
              "duration": 4525,
              "state": "passed",
              "speed": "fast",
              "pass": true,
              "fail": false,
              "pending": false,
              "context": null,
              "code": "cy.viewport('iphone-7');\ncy.visit('https://ticketazo.com.ar');\ncy.log('Test pass, ha ingresado correctamente');\ncy.contains('button', 'Login').click({\n  force: true\n});\ncy.url().should('include', '/auth/login');",
              "err": {},
              "uuid": "18ae8d2d-2002-468f-acbd-18da35de497f",
              "parentUUID": "5e157283-456e-4502-8111-07efbeb4e3d9",
              "isHook": false,
              "skipped": false
            }
          ],
          "suites": [],
          "passes": [
            "18ae8d2d-2002-468f-acbd-18da35de497f"
          ],
          "failures": [],
          "pending": [],
          "skipped": [],
          "duration": 4525,
          "root": false,
          "rootEmpty": false,
          "_timeout": 2000
        }
      ],
      "passes": [],
      "failures": [],
      "pending": [],
      "skipped": [],
      "duration": 0,
      "root": true,
      "rootEmpty": true,
      "_timeout": 2000
    }
  ],
  "meta": {
    "mocha": {
      "version": "7.2.0"
    },
    "mochawesome": {
      "options": {
        "quiet": false,
        "reportFilename": "mochawesome",
        "saveHtml": false,
        "saveJson": true,
        "consoleReporter": "spec",
        "useInlineDiffs": false,
        "code": true
      },
      "version": "7.1.3"
    },
    "marge": {
      "options": {
        "reportDir": "cypress/reports",
        "overwrite": false,
        "html": false,
        "json": true
      },
      "version": "6.2.0"
    }
  }
}